0 info it worked if it ends with ok
1 verbose cli [ 'E:\\Program Files\\nodejs\\node.exe',
1 verbose cli   'E:\\Program Files\\nodejs\\node_modules\\npm\\bin\\npm-cli.js',
1 verbose cli   'run',
1 verbose cli   'dev' ]
2 info using npm@3.10.10
3 info using node@v6.11.3
4 verbose run-script [ 'predev', 'dev', 'postdev' ]
5 info lifecycle printerp@1.0.0~predev: printerp@1.0.0
6 silly lifecycle printerp@1.0.0~predev: no script for predev, continuing
7 info lifecycle printerp@1.0.0~dev: printerp@1.0.0
8 verbose lifecycle printerp@1.0.0~dev: unsafe-perm in lifecycle true
9 verbose lifecycle printerp@1.0.0~dev: PATH: E:\Program Files\nodejs\node_modules\npm\bin\node-gyp-bin;F:\project\ordersystem\ordersystem\web\node_modules\.bin;C:\ProgramData\Oracle\Java\javapath;C:\Windows\system32;C:\Windows;C:\Windows\System32\Wbem;C:\Windows\System32\WindowsPowerShell\v1.0\;E:\Program Files\Java\jdk1.8.0_77\bin;E:\android\ecilipse+sdk\sdk\tools;E:\android\ecilipse+sdk\sdk\platform-tools;E:\Program Files\VisualSVN Server\bin;E:\Program Files\Git\cmd;E:\Program Files\nodejs;E:\Program Files\TortoiseSVN\bin;C:\Users\Administrator\AppData\Roaming\npm;PATH = NODE_PATH = XXX\Node\nodejs\;NODE_PATH = XXX\Node\nodejs\node_modules;E:\Program Files\nodejs\node_global
10 verbose lifecycle printerp@1.0.0~dev: CWD: F:\project\ordersystem\ordersystem\web
11 silly lifecycle printerp@1.0.0~dev: Args: [ '/d /s /c',
11 silly lifecycle   'cross-env NODE_ENV=development webpack-dev-server --hot' ]
12 silly lifecycle printerp@1.0.0~dev: Returned: code: 3221225786  signal: null
13 info lifecycle printerp@1.0.0~dev: Failed to exec dev script
14 verbose stack Error: printerp@1.0.0 dev: `cross-env NODE_ENV=development webpack-dev-server --hot`
14 verbose stack Exit status 3221225786
14 verbose stack     at EventEmitter.<anonymous> (E:\Program Files\nodejs\node_modules\npm\lib\utils\lifecycle.js:255:16)
14 verbose stack     at emitTwo (events.js:106:13)
14 verbose stack     at EventEmitter.emit (events.js:191:7)
14 verbose stack     at ChildProcess.<anonymous> (E:\Program Files\nodejs\node_modules\npm\lib\utils\spawn.js:40:14)
14 verbose stack     at emitTwo (events.js:106:13)
14 verbose stack     at ChildProcess.emit (events.js:191:7)
14 verbose stack     at maybeClose (internal/child_process.js:920:16)
14 verbose stack     at Process.ChildProcess._handle.onexit (internal/child_process.js:230:5)
15 verbose pkgid printerp@1.0.0
16 verbose cwd F:\project\ordersystem\ordersystem\web
17 error Windows_NT 6.1.7601
18 error argv "E:\\Program Files\\nodejs\\node.exe" "E:\\Program Files\\nodejs\\node_modules\\npm\\bin\\npm-cli.js" "run" "dev"
19 error node v6.11.3
20 error npm  v3.10.10
21 error code ELIFECYCLE
22 error printerp@1.0.0 dev: `cross-env NODE_ENV=development webpack-dev-server --hot`
22 error Exit status 3221225786
23 error Failed at the printerp@1.0.0 dev script 'cross-env NODE_ENV=development webpack-dev-server --hot'.
23 error Make sure you have the latest version of node.js and npm installed.
23 error If you do, this is most likely a problem with the printerp package,
23 error not with npm itself.
23 error Tell the author that this fails on your system:
23 error     cross-env NODE_ENV=development webpack-dev-server --hot
23 error You can get information on how to open an issue for this project with:
23 error     npm bugs printerp
23 error Or if that isn't available, you can get their info via:
23 error     npm owner ls printerp
23 error There is likely additional logging output above.
24 verbose exit [ 1, true ]
